<?xml version="1.0" encoding="UTF-8"?>
<testsuite name="OnlinerTest" tests="5" skipped="0" failures="0" errors="0" timestamp="2021-09-06T14:25:46" hostname="EPBYVITW00FE" time="25.217">
  <properties/>
  <testcase name="loginTest" classname="OnlinerTest" time="6.78"/>
  <testcase name="enterToCarMarket" classname="OnlinerTest" time="10.06"/>
  <testcase name="selectModel" classname="OnlinerTest" time="1.221"/>
  <testcase name="selectPrice" classname="OnlinerTest" time="6.55"/>
  <testcase name="checkPriceRange" classname="OnlinerTest" time="0.604"/>
  <system-out><![CDATA[Entering to the market...
Selecting model...
Slecting price...
Searching prices...
]]></system-out>
  <system-err><![CDATA[SLF4J: Failed to load class "org.slf4j.impl.StaticLoggerBinder".
SLF4J: Defaulting to no-operation (NOP) logger implementation
SLF4J: See http://www.slf4j.org/codes.html#StaticLoggerBinder for further details.
Starting ChromeDriver 93.0.4577.15 (660fc11082ba57405eca2e8c49c3e1af756fbfae-refs/branch-heads/4577@{#203}) on port 2730
Only local connections are allowed.
Please see https://chromedriver.chromium.org/security-considerations for suggestions on keeping ChromeDriver safe.
ChromeDriver was started successfully.
Sep 06, 2021 5:25:46 PM org.openqa.selenium.remote.ProtocolHandshake createSession
INFO: Detected dialect: W3C
]]></system-err>
</testsuite>
