<?xml version="1.0" encoding="UTF-8"?>
<!-- Generated by org.testng.reporters.JUnitReportReporter -->
<testsuite skipped="0" hostname="EPBYVITW00FE" name="OnlinerTest" tests="5" failures="0" timestamp="06 Sep 2021 14:26:12 GMT" time="25.215" errors="0">
  <testcase name="selectModel" time="1.221" classname="OnlinerTest"/>
  <testcase name="enterToCarMarket" time="10.060" classname="OnlinerTest"/>
  <testcase name="loginTest" time="6.780" classname="OnlinerTest"/>
  <testcase name="selectPrice" time="6.550" classname="OnlinerTest"/>
  <testcase name="checkPriceRange" time="0.604" classname="OnlinerTest"/>
</testsuite> <!-- OnlinerTest -->
