<?xml version="1.0" encoding="UTF-8"?>
<!-- Generated by org.testng.reporters.JUnitReportReporter -->
<testsuite skipped="0" hostname="EPBYVITW00FE" name="OnlinerTest" tests="5" failures="0" timestamp="06 Sep 2021 14:38:15 GMT" time="25.256" errors="0">
  <testcase name="selectModel" time="1.278" classname="OnlinerTest"/>
  <testcase name="enterToCarMarket" time="10.329" classname="OnlinerTest"/>
  <testcase name="loginTest" time="6.631" classname="OnlinerTest"/>
  <testcase name="selectPrice" time="6.404" classname="OnlinerTest"/>
  <testcase name="checkPriceRange" time="0.614" classname="OnlinerTest"/>
</testsuite> <!-- OnlinerTest -->
