<?xml version="1.0" encoding="UTF-8"?>
<!-- Generated by org.testng.reporters.JUnitReportReporter -->
<testsuite skipped="0" hostname="EPBYVITW00FE" name="OnlinerTest" tests="5" failures="0" timestamp="06 Sep 2021 12:50:10 GMT" time="25.236" errors="0">
  <testcase name="selectModel" time="1.204" classname="OnlinerTest"/>
  <testcase name="checkPriceRange" time="0.619" classname="OnlinerTest"/>
  <testcase name="loginTest" time="7.000" classname="OnlinerTest"/>
  <testcase name="enterToCarMarket" time="9.936" classname="OnlinerTest"/>
  <testcase name="selectPrice" time="6.477" classname="OnlinerTest"/>
</testsuite> <!-- OnlinerTest -->
