<?xml version="1.0" encoding="UTF-8"?>
<!-- Generated by org.testng.reporters.JUnitReportReporter -->
<testsuite skipped="0" hostname="EPBYVITW00FE" name="OnlinerTest" tests="5" failures="0" timestamp="06 Sep 2021 13:52:26 GMT" time="25.583" errors="0">
  <testcase name="checkPriceRange" time="0.624" classname="OnlinerTest"/>
  <testcase name="selectModel" time="1.295" classname="OnlinerTest"/>
  <testcase name="loginTest" time="7.512" classname="OnlinerTest"/>
  <testcase name="enterToCarMarket" time="9.692" classname="OnlinerTest"/>
  <testcase name="selectPrice" time="6.460" classname="OnlinerTest"/>
</testsuite> <!-- OnlinerTest -->
